[debug] [2021-07-28T12:15:22.703Z] ----------------------------------------------------------------------
[debug] [2021-07-28T12:15:22.706Z] Command:       /usr/bin/node /usr/local/bin/firebase hosting:channel:deploy test --expires 7d
[debug] [2021-07-28T12:15:22.707Z] CLI Version:   9.7.0
[debug] [2021-07-28T12:15:22.707Z] Platform:      linux
[debug] [2021-07-28T12:15:22.707Z] Node Version:  v16.4.1
[debug] [2021-07-28T12:15:22.708Z] Time:          Wed Jul 28 2021 18:15:22 GMT+0600 (Bangladesh Standard Time)
[debug] [2021-07-28T12:15:22.708Z] ----------------------------------------------------------------------
[debug] 
[debug] [2021-07-28T12:15:22.718Z] > command requires scopes: ["email","openid","https://www.googleapis.com/auth/cloudplatformprojects.readonly","https://www.googleapis.com/auth/firebase","https://www.googleapis.com/auth/cloud-platform"]
[debug] [2021-07-28T12:15:22.718Z] > authorizing via signed-in user
[debug] [2021-07-28T12:15:22.718Z] [iam] checking project badhan-buet for permissions ["firebase.projects.get","firebasehosting.sites.update"]
[debug] [2021-07-28T12:15:22.721Z] > refreshing access token with scopes: ["email","https://www.googleapis.com/auth/cloud-platform","https://www.googleapis.com/auth/cloudplatformprojects.readonly","https://www.googleapis.com/auth/firebase","openid"]
[debug] [2021-07-28T12:15:22.722Z] >>> HTTP REQUEST POST https://www.googleapis.com/oauth2/v3/token  
 <request body omitted>
[debug] [2021-07-28T12:15:22.983Z] <<< HTTP RESPONSE 200 {"expires":"Mon, 01 Jan 1990 00:00:00 GMT","date":"Wed, 28 Jul 2021 12:15:22 GMT","pragma":"no-cache","cache-control":"no-cache, no-store, max-age=0, must-revalidate","content-type":"application/json; charset=utf-8","vary":"X-Origin, Referer, Origin,Accept-Encoding","server":"scaffolding on HTTPServer2","x-xss-protection":"0","x-frame-options":"SAMEORIGIN","x-content-type-options":"nosniff","alt-svc":"h3=\":443\"; ma=2592000,h3-29=\":443\"; ma=2592000,h3-T051=\":443\"; ma=2592000,h3-Q050=\":443\"; ma=2592000,h3-Q046=\":443\"; ma=2592000,h3-Q043=\":443\"; ma=2592000,quic=\":443\"; ma=2592000; v=\"46,43\"","accept-ranges":"none","transfer-encoding":"chunked"}
[debug] [2021-07-28T12:15:22.992Z] >>> HTTP REQUEST POST https://cloudresourcemanager.googleapis.com/v1/projects/badhan-buet:testIamPermissions  
 {"permissions":["firebase.projects.get","firebasehosting.sites.update"]}
[debug] [2021-07-28T12:15:24.155Z] <<< HTTP RESPONSE 200 {"content-type":"application/json; charset=UTF-8","vary":"X-Origin, Referer, Origin,Accept-Encoding","date":"Wed, 28 Jul 2021 12:15:24 GMT","server":"ESF","cache-control":"private","x-xss-protection":"0","x-frame-options":"SAMEORIGIN","x-content-type-options":"nosniff","server-timing":"gfet4t7; dur=945","alt-svc":"h3=\":443\"; ma=2592000,h3-29=\":443\"; ma=2592000,h3-T051=\":443\"; ma=2592000,h3-Q050=\":443\"; ma=2592000,h3-Q046=\":443\"; ma=2592000,h3-Q043=\":443\"; ma=2592000,quic=\":443\"; ma=2592000; v=\"46,43\"","accept-ranges":"none","transfer-encoding":"chunked"}
[debug] [2021-07-28T12:15:24.157Z] > refreshing access token with scopes: []
[debug] [2021-07-28T12:15:24.157Z] >>> HTTP REQUEST POST https://www.googleapis.com/oauth2/v3/token  
 <request body omitted>
[debug] [2021-07-28T12:15:24.496Z] <<< HTTP RESPONSE 200 {"expires":"Mon, 01 Jan 1990 00:00:00 GMT","pragma":"no-cache","date":"Wed, 28 Jul 2021 12:15:24 GMT","cache-control":"no-cache, no-store, max-age=0, must-revalidate","content-type":"application/json; charset=utf-8","vary":"X-Origin, Referer, Origin,Accept-Encoding","server":"scaffolding on HTTPServer2","x-xss-protection":"0","x-frame-options":"SAMEORIGIN","x-content-type-options":"nosniff","alt-svc":"h3=\":443\"; ma=2592000,h3-29=\":443\"; ma=2592000,h3-T051=\":443\"; ma=2592000,h3-Q050=\":443\"; ma=2592000,h3-Q046=\":443\"; ma=2592000,h3-Q043=\":443\"; ma=2592000,quic=\":443\"; ma=2592000; v=\"46,43\"","accept-ranges":"none","transfer-encoding":"chunked"}
[debug] [2021-07-28T12:15:24.504Z] >>> [apiv2][query] GET https://firebase.googleapis.com/v1beta1/projects/badhan-buet [none]
[debug] [2021-07-28T12:15:24.867Z] <<< [apiv2][status] GET https://firebase.googleapis.com/v1beta1/projects/badhan-buet 200
[debug] [2021-07-28T12:15:24.867Z] <<< [apiv2][body] GET https://firebase.googleapis.com/v1beta1/projects/badhan-buet {"projectId":"badhan-buet","projectNumber":"1001434847525","displayName":"badhan-buet","name":"projects/badhan-buet","resources":{"hostingSite":"badhan-buet","realtimeDatabaseInstance":"badhan-buet-default-rtdb","storageBucket":"badhan-buet.appspot.com","locationId":"us-central"},"state":"ACTIVE"}
[debug] [2021-07-28T12:15:24.868Z] Expires TTL: 604800000
[debug] [2021-07-28T12:15:24.870Z] >>> [apiv2][query] GET https://firebasehosting.googleapis.com/v1beta1/projects/badhan-buet/sites/badhan-buet/channels/test [none]
[debug] [2021-07-28T12:15:26.375Z] <<< [apiv2][status] GET https://firebasehosting.googleapis.com/v1beta1/projects/badhan-buet/sites/badhan-buet/channels/test 200
[debug] [2021-07-28T12:15:26.376Z] <<< [apiv2][body] GET https://firebasehosting.googleapis.com/v1beta1/projects/badhan-buet/sites/badhan-buet/channels/test {"name":"projects/1001434847525/sites/badhan-buet/channels/test","url":"https://badhan-buet--test-tdq3ww6n.web.app","release":{"name":"projects/1001434847525/sites/badhan-buet/channels/test/releases/1627467036488636","version":{"name":"projects/1001434847525/sites/badhan-buet/versions/a474e396e5a26282","status":"FINALIZED","config":{"rewrites":[{"glob":"**","path":"/index.html"}]},"labels":{"deployment-tool":"cli-firebase"},"createTime":"2021-07-28T10:10:28.338981Z","createUser":{"email":"1605011@ugrad.cse.buet.ac.bd"},"finalizeTime":"2021-07-28T10:10:35.643612Z","finalizeUser":{"email":"1605011@ugrad.cse.buet.ac.bd"},"fileCount":"25","versionBytes":"2104725"},"type":"DEPLOY","releaseTime":"2021-07-28T10:10:36.488636996Z","releaseUser":{"email":"1605011@ugrad.cse.buet.ac.bd"}},"createTime":"2021-07-27T19:57:47.532750180Z","updateTime":"2021-07-28T10:10:36.488636996Z","retainedReleaseCount":10,"expireTime":"2021-08-04T10:10:26.664328633Z"}
[debug] [2021-07-28T12:15:26.376Z] [hosting] found existing channel for site badhan-buet {"name":"projects/1001434847525/sites/badhan-buet/channels/test","url":"https://badhan-buet--test-tdq3ww6n.web.app","release":{"name":"projects/1001434847525/sites/badhan-buet/channels/test/releases/1627467036488636","version":{"name":"projects/1001434847525/sites/badhan-buet/versions/a474e396e5a26282","status":"FINALIZED","config":{"rewrites":[{"glob":"**","path":"/index.html"}]},"labels":{"deployment-tool":"cli-firebase"},"createTime":"2021-07-28T10:10:28.338981Z","createUser":{"email":"1605011@ugrad.cse.buet.ac.bd"},"finalizeTime":"2021-07-28T10:10:35.643612Z","finalizeUser":{"email":"1605011@ugrad.cse.buet.ac.bd"},"fileCount":"25","versionBytes":"2104725"},"type":"DEPLOY","releaseTime":"2021-07-28T10:10:36.488636996Z","releaseUser":{"email":"1605011@ugrad.cse.buet.ac.bd"}},"createTime":"2021-07-27T19:57:47.532750180Z","updateTime":"2021-07-28T10:10:36.488636996Z","retainedReleaseCount":10,"expireTime":"2021-08-04T10:10:26.664328633Z"}
[debug] [2021-07-28T12:15:26.378Z] >>> [apiv2][query] PATCH https://firebasehosting.googleapis.com/v1beta1/projects/badhan-buet/sites/badhan-buet/channels/test updateMask=ttl
[debug] [2021-07-28T12:15:26.379Z] >>> [apiv2][body] PATCH https://firebasehosting.googleapis.com/v1beta1/projects/badhan-buet/sites/badhan-buet/channels/test {"ttl":"604800s"}
